0 info it worked if it ends with ok
1 verbose cli [ '/usr/local/bin/node',
1 verbose cli   '/usr/local/bin/npm',
1 verbose cli   'install',
1 verbose cli   '-g',
1 verbose cli   'ios-deploy' ]
2 info using npm@2.14.12
3 info using node@v4.2.5
4 verbose install initial load of /usr/local/lib/package.json
5 verbose readDependencies loading dependencies from /usr/local/lib/package.json
6 silly cache add args [ 'ios-deploy', null ]
7 verbose cache add spec ios-deploy
8 silly cache add parsed spec Result {
8 silly cache add   raw: 'ios-deploy',
8 silly cache add   scope: null,
8 silly cache add   name: 'ios-deploy',
8 silly cache add   rawSpec: '',
8 silly cache add   spec: 'latest',
8 silly cache add   type: 'tag' }
9 silly addNamed ios-deploy@latest
10 verbose addNamed "latest" is being treated as a dist-tag for ios-deploy
11 info addNameTag [ 'ios-deploy', 'latest' ]
12 silly mapToRegistry name ios-deploy
13 silly mapToRegistry using default registry
14 silly mapToRegistry registry https://registry.npmjs.org/
15 silly mapToRegistry uri https://registry.npmjs.org/ios-deploy
16 verbose addNameTag registry:https://registry.npmjs.org/ios-deploy not in flight; fetching
17 verbose request uri https://registry.npmjs.org/ios-deploy
18 verbose request no auth needed
19 info attempt registry request try #1 at 01:38:42
20 verbose request id d5651097f313b8b6
21 verbose etag "4X59GJARSOVOL3OI0GZGPVJZQ"
22 http request GET https://registry.npmjs.org/ios-deploy
23 http 304 https://registry.npmjs.org/ios-deploy
24 verbose headers { date: 'Fri, 22 Jan 2016 17:38:42 GMT',
24 verbose headers   via: '1.1 varnish',
24 verbose headers   'cache-control': 'max-age=300',
24 verbose headers   etag: '"4X59GJARSOVOL3OI0GZGPVJZQ"',
24 verbose headers   age: '267',
24 verbose headers   connection: 'keep-alive',
24 verbose headers   'x-served-by': 'cache-nrt6130-NRT',
24 verbose headers   'x-cache': 'HIT',
24 verbose headers   'x-cache-hits': '1',
24 verbose headers   'x-timer': 'S1453484322.928908,VS0,VE0',
24 verbose headers   vary: 'Accept' }
25 silly get cb [ 304,
25 silly get   { date: 'Fri, 22 Jan 2016 17:38:42 GMT',
25 silly get     via: '1.1 varnish',
25 silly get     'cache-control': 'max-age=300',
25 silly get     etag: '"4X59GJARSOVOL3OI0GZGPVJZQ"',
25 silly get     age: '267',
25 silly get     connection: 'keep-alive',
25 silly get     'x-served-by': 'cache-nrt6130-NRT',
25 silly get     'x-cache': 'HIT',
25 silly get     'x-cache-hits': '1',
25 silly get     'x-timer': 'S1453484322.928908,VS0,VE0',
25 silly get     vary: 'Accept' } ]
26 verbose etag https://registry.npmjs.org/ios-deploy from cache
27 verbose get saving ios-deploy to /Users/i066167/.npm/registry.npmjs.org/ios-deploy/.cache.json
28 silly addNameTag next cb for ios-deploy with tag latest
29 silly addNamed ios-deploy@1.8.4
30 verbose addNamed "1.8.4" is a plain semver version for ios-deploy
31 silly cache afterAdd ios-deploy@1.8.4
32 verbose afterAdd /Users/i066167/.npm/ios-deploy/1.8.4/package/package.json not in flight; writing
33 verbose afterAdd /Users/i066167/.npm/ios-deploy/1.8.4/package/package.json written
34 silly install resolved [ { name: 'ios-deploy',
34 silly install resolved     version: '1.8.4',
34 silly install resolved     os: [ 'darwin' ],
34 silly install resolved     description: 'launch iOS apps iOS devices from the command line (Xcode 7)',
34 silly install resolved     main: 'ios-deploy',
34 silly install resolved     scripts:
34 silly install resolved      { preinstall: './src/check_reqs.js && xcodebuild',
34 silly install resolved        test: 'npm run jshint',
34 silly install resolved        jshint: 'node node_modules/jshint/bin/jshint src' },
34 silly install resolved     bin: { 'ios-deploy': './build/Release/ios-deploy' },
34 silly install resolved     repository:
34 silly install resolved      { type: 'git',
34 silly install resolved        url: 'git+https://github.com/phonegap/ios-deploy.git' },
34 silly install resolved     devDependencies: { jshint: '2.5.8' },
34 silly install resolved     keywords: [ 'ios-deploy', 'deploy to iOS device' ],
34 silly install resolved     bugs: { url: 'https://github.com/phonegap/ios-deploy/issues' },
34 silly install resolved     author: { name: 'Greg Hughes' },
34 silly install resolved     license: 'GPLv3',
34 silly install resolved     gitHead: '3555b1222c2e73df68059ec16f100a29dc6725a8',
34 silly install resolved     homepage: 'https://github.com/phonegap/ios-deploy#readme',
34 silly install resolved     _id: 'ios-deploy@1.8.4',
34 silly install resolved     _shasum: '2edc8ca78b512505af16bb178cdbc60fa524dabb',
34 silly install resolved     _from: 'ios-deploy@latest',
34 silly install resolved     _npmVersion: '2.11.3',
34 silly install resolved     _nodeVersion: '0.12.7',
34 silly install resolved     _npmUser: { name: 'shazron', email: 'shazron@gmail.com' },
34 silly install resolved     dist:
34 silly install resolved      { shasum: '2edc8ca78b512505af16bb178cdbc60fa524dabb',
34 silly install resolved        tarball: 'http://registry.npmjs.org/ios-deploy/-/ios-deploy-1.8.4.tgz' },
34 silly install resolved     maintainers: [ [Object], [Object], [Object] ],
34 silly install resolved     directories: {},
34 silly install resolved     _resolved: 'https://registry.npmjs.org/ios-deploy/-/ios-deploy-1.8.4.tgz',
34 silly install resolved     readme: 'ERROR: No README data found!' } ]
35 info install ios-deploy@1.8.4 into /usr/local/lib
36 info installOne ios-deploy@1.8.4
37 verbose installOne of ios-deploy to /usr/local/lib not in flight; installing
38 verbose lock using /Users/i066167/.npm/_locks/ios-deploy-198957223cd98201.lock for /usr/local/lib/node_modules/ios-deploy
39 silly install write writing ios-deploy 1.8.4 to /usr/local/lib/node_modules/ios-deploy
40 verbose unbuild lib/node_modules/ios-deploy
41 silly gentlyRm /usr/local/lib/node_modules/ios-deploy is being purged from base /usr/local
42 verbose gentlyRm don't care about contents; nuking /usr/local/lib/node_modules/ios-deploy
43 verbose tar unpack /Users/i066167/.npm/ios-deploy/1.8.4/package.tgz
44 verbose tar unpacking to /usr/local/lib/node_modules/ios-deploy
45 silly gentlyRm /usr/local/lib/node_modules/ios-deploy is being purged
46 verbose gentlyRm don't care about contents; nuking /usr/local/lib/node_modules/ios-deploy
47 silly gunzTarPerm modes [ '755', '644' ]
48 silly gunzTarPerm extractEntry package.json
49 silly gunzTarPerm extractEntry .npmignore
50 silly gunzTarPerm extractEntry README.md
51 silly gunzTarPerm extractEntry LICENSE
52 silly gunzTarPerm extractEntry CONTRIBUTING.md
53 silly gunzTarPerm extractEntry demo/.npmignore
54 silly gunzTarPerm extractEntry demo/Entitlements.plist
55 silly gunzTarPerm extractEntry demo/Info.plist
56 silly gunzTarPerm extractEntry demo/Makefile
57 silly gunzTarPerm extractEntry demo/ResourceRules.plist
58 silly gunzTarPerm extractEntry demo/demo.c
59 silly gunzTarPerm extractEntry ios-deploy.xcodeproj/project.pbxproj
60 silly gunzTarPerm extractEntry src/check_reqs.js
61 silly gunzTarPerm extractEntry src/MobileDevice.h
62 silly gunzTarPerm extractEntry src/errors.h
63 silly gunzTarPerm extractEntry src/ios-deploy.c
64 silly gunzTarPerm extractEntry src/lldb.py.h
65 silly gunzTarPerm extractEntry src/scripts/lldb.py
66 silly gunzTarPerm extractEntry src/version.h
67 verbose write writing to /usr/local/lib/node_modules/ios-deploy/package.json
68 info preinstall ios-deploy@1.8.4
69 verbose unsafe-perm in lifecycle false
70 info ios-deploy@1.8.4 Failed to exec preinstall script
71 verbose unlock done using /Users/i066167/.npm/_locks/ios-deploy-198957223cd98201.lock for /usr/local/lib/node_modules/ios-deploy
72 verbose stack Error: ios-deploy@1.8.4 preinstall: `./src/check_reqs.js && xcodebuild`
72 verbose stack Exit status 134
72 verbose stack     at EventEmitter.<anonymous> (/usr/local/lib/node_modules/npm/lib/utils/lifecycle.js:214:16)
72 verbose stack     at emitTwo (events.js:87:13)
72 verbose stack     at EventEmitter.emit (events.js:172:7)
72 verbose stack     at ChildProcess.<anonymous> (/usr/local/lib/node_modules/npm/lib/utils/spawn.js:24:14)
72 verbose stack     at emitTwo (events.js:87:13)
72 verbose stack     at ChildProcess.emit (events.js:172:7)
72 verbose stack     at maybeClose (internal/child_process.js:821:16)
72 verbose stack     at Process.ChildProcess._handle.onexit (internal/child_process.js:211:5)
73 verbose pkgid ios-deploy@1.8.4
74 verbose cwd /Users/i066167/Sites/ionic/agg
75 error Darwin 15.2.0
76 error argv "/usr/local/bin/node" "/usr/local/bin/npm" "install" "-g" "ios-deploy"
77 error node v4.2.5
78 error npm  v2.14.12
79 error code ELIFECYCLE
80 error ios-deploy@1.8.4 preinstall: `./src/check_reqs.js && xcodebuild`
80 error Exit status 134
81 error Failed at the ios-deploy@1.8.4 preinstall script './src/check_reqs.js && xcodebuild'.
81 error This is most likely a problem with the ios-deploy package,
81 error not with npm itself.
81 error Tell the author that this fails on your system:
81 error     ./src/check_reqs.js && xcodebuild
81 error You can get their info via:
81 error     npm owner ls ios-deploy
81 error There is likely additional logging output above.
82 verbose exit [ 1, true ]
83 verbose unbuild lib/node_modules/ios-deploy
84 info preuninstall ios-deploy@1.8.4
85 info uninstall ios-deploy@1.8.4
86 verbose unbuild rmStuff ios-deploy@1.8.4 from /usr/local/lib/node_modules
87 silly gentlyRm /usr/local/bin/ios-deploy is being gently removed
88 silly gentlyRm verifying /usr/local is an npm working directory
89 silly gentlyRm containing path /usr/local is under npm's control, in /usr/local
90 silly gentlyRm deletion target /usr/local/bin/ios-deploy is under /usr/local
91 verbose gentlyRm vacuuming from /usr/local/bin/ios-deploy up to /usr/local
92 info postuninstall ios-deploy@1.8.4
93 silly gentlyRm /usr/local/lib/node_modules/ios-deploy is being purged from base /usr/local
94 verbose gentlyRm don't care about contents; nuking /usr/local/lib/node_modules/ios-deploy
95 silly vacuum-fs purging /usr/local/lib/node_modules/ios-deploy
96 silly vacuum-fs quitting because other entries in /usr/local/lib/node_modules
